2014/10/17 00:08:02 Detected home directory from env var: /Users/thomas
2014/10/17 00:08:02 [DEBUG] Discoverd plugin: aws = /usr/local/bin/terraform-provider-aws
2014/10/17 00:08:02 [DEBUG] Discoverd plugin: cloudflare = /usr/local/bin/terraform-provider-cloudflare
2014/10/17 00:08:02 [DEBUG] Discoverd plugin: consul = /usr/local/bin/terraform-provider-consul
2014/10/17 00:08:02 [DEBUG] Discoverd plugin: digitalocean = /usr/local/bin/terraform-provider-digitalocean
2014/10/17 00:08:02 [DEBUG] Discoverd plugin: dnsimple = /usr/local/bin/terraform-provider-dnsimple
2014/10/17 00:08:02 [DEBUG] Discoverd plugin: google = /usr/local/bin/terraform-provider-google
2014/10/17 00:08:02 [DEBUG] Discoverd plugin: heroku = /usr/local/bin/terraform-provider-heroku
2014/10/17 00:08:02 [DEBUG] Discoverd plugin: mailgun = /usr/local/bin/terraform-provider-mailgun
2014/10/17 00:08:02 [DEBUG] Discoverd plugin: file = /usr/local/bin/terraform-provisioner-file
2014/10/17 00:08:02 [DEBUG] Discoverd plugin: local-exec = /usr/local/bin/terraform-provisioner-local-exec
2014/10/17 00:08:02 [DEBUG] Discoverd plugin: remote-exec = /usr/local/bin/terraform-provisioner-remote-exec
2014/10/17 00:08:02 Detected home directory from env var: /Users/thomas
2014/10/17 00:08:02 [DEBUG] Attempting to open CLI config file: /Users/thomas/.terraformrc
2014/10/17 00:08:02 [DEBUG] File doesn't exist, but doesn't need to. Ignoring.
2014/10/17 00:08:02 [DEBUG] Creating graph for path: [root]
2014/10/17 00:08:02 [DEBUG] Starting plugin: /usr/local/bin/terraform-provider-aws []string{"/usr/local/bin/terraform-provider-aws"}
2014/10/17 00:08:02 [DEBUG] Waiting for RPC address for: /usr/local/bin/terraform-provider-aws
2014/10/17 00:08:02 Detected home directory from env var: /Users/thomas
2014/10/17 00:08:02 terraform-provider-aws: 2014/10/17 00:08:02 Plugin address: unix /var/folders/3v/vvjrg4855pbgxbpnkz_ycsfh0000gn/T/tf-plugin004589544
2014/10/17 00:08:02 [DEBUG] Graph [root] created and valid. 4 nouns.
2014/10/17 00:08:02 [DEBUG] Creating graph for path: [root]
2014/10/17 00:08:02 [DEBUG] Graph [root] created and valid. 4 nouns.
2014/10/17 00:08:02 [INFO] Validating provider: aws
2014/10/17 00:08:02 [DEBUG] aws_instance.web: expanding to count = 2
2014/10/17 00:08:02 [DEBUG] aws_security_group.allow_all: expanding to count = 1
2014/10/17 00:08:02 [INFO] Validating resource: aws_instance.web.1
2014/10/17 00:08:02 [INFO] Validating resource: aws_instance.web.0
2014/10/17 00:08:02 [INFO] Validating resource: aws_security_group.allow_all
2014/10/17 00:08:02 [INFO] Writing backup state to: terraform.tfstate.backup
2014/10/17 00:08:02 [DEBUG] Creating graph for path: [root]
2014/10/17 00:08:02 [DEBUG] Graph [root] created and valid. 4 nouns.
2014/10/17 00:08:02 [INFO] Configuring provider: aws
2014/10/17 00:08:02 terraform-provider-aws: 2014/10/17 00:08:02 [INFO] Building AWS auth structure
2014/10/17 00:08:02 terraform-provider-aws: 2014/10/17 00:08:02 [INFO] Building AWS region structure
2014/10/17 00:08:02 terraform-provider-aws: 2014/10/17 00:08:02 [INFO] Initializing EC2 connection
2014/10/17 00:08:02 terraform-provider-aws: 2014/10/17 00:08:02 [INFO] Initializing ELB connection
2014/10/17 00:08:02 terraform-provider-aws: 2014/10/17 00:08:02 [INFO] Initializing AutoScaling connection
2014/10/17 00:08:02 terraform-provider-aws: 2014/10/17 00:08:02 [INFO] Initializing S3 connection
2014/10/17 00:08:02 terraform-provider-aws: 2014/10/17 00:08:02 [INFO] Initializing RDS connection
2014/10/17 00:08:02 terraform-provider-aws: 2014/10/17 00:08:02 [INFO] Initializing Route53 connection
2014/10/17 00:08:02 [DEBUG] aws_instance.web: expanding to count = 2
2014/10/17 00:08:02 [DEBUG] aws_security_group.allow_all: expanding to count = 1
2014/10/17 00:08:02 [INFO] Module root walking: aws_instance.web.1 (Graph node: aws_instance.web.1)
2014/10/17 00:08:02 [DEBUG] aws_instance.web.1: Not refreshing, ID is empty
2014/10/17 00:08:02 [INFO] Module root walking: aws_instance.web.0 (Graph node: aws_instance.web.0)
2014/10/17 00:08:02 [DEBUG] aws_instance.web.0: Not refreshing, ID is empty
2014/10/17 00:08:02 [INFO] Module root walking: aws_security_group.allow_all (Graph node: aws_security_group.allow_all)
2014/10/17 00:08:02 [DEBUG] aws_security_group.allow_all: Not refreshing, ID is empty
2014/10/17 00:08:02 [DEBUG] Creating graph for path: [root]
2014/10/17 00:08:02 [DEBUG] Graph [root] created and valid. 4 nouns.
2014/10/17 00:08:02 [INFO] Configuring provider: aws
2014/10/17 00:08:02 terraform-provider-aws: 2014/10/17 00:08:02 [INFO] Building AWS auth structure
2014/10/17 00:08:02 terraform-provider-aws: 2014/10/17 00:08:02 [INFO] Building AWS region structure
2014/10/17 00:08:02 terraform-provider-aws: 2014/10/17 00:08:02 [INFO] Initializing EC2 connection
2014/10/17 00:08:02 terraform-provider-aws: 2014/10/17 00:08:02 [INFO] Initializing ELB connection
2014/10/17 00:08:02 terraform-provider-aws: 2014/10/17 00:08:02 [INFO] Initializing AutoScaling connection
2014/10/17 00:08:02 terraform-provider-aws: 2014/10/17 00:08:02 [INFO] Initializing S3 connection
2014/10/17 00:08:02 terraform-provider-aws: 2014/10/17 00:08:02 [INFO] Initializing RDS connection
2014/10/17 00:08:02 terraform-provider-aws: 2014/10/17 00:08:02 [INFO] Initializing Route53 connection
2014/10/17 00:08:02 [DEBUG] aws_instance.web: expanding to count = 2
2014/10/17 00:08:02 [DEBUG] aws_security_group.allow_all: expanding to count = 1
2014/10/17 00:08:02 [INFO] Module root walking: aws_instance.web.1 (Graph node: aws_instance.web.1)
2014/10/17 00:08:02 [DEBUG] aws_instance.web.1: Executing diff
2014/10/17 00:08:02 [INFO] Module root walking: aws_instance.web.0 (Graph node: aws_instance.web.0)
2014/10/17 00:08:02 [DEBUG] aws_instance.web.0: Executing diff
2014/10/17 00:08:02 [INFO] Module root walking: aws_security_group.allow_all (Graph node: aws_security_group.allow_all)
2014/10/17 00:08:02 [DEBUG] aws_security_group.allow_all: Executing diff
2014/10/17 00:08:02 terraform-provider-aws: panic: Unknown kind: string
2014/10/17 00:08:02 terraform-provider-aws: 
2014/10/17 00:08:02 terraform-provider-aws: goroutine 57 [running]:
2014/10/17 00:08:02 terraform-provider-aws: runtime.panic(0x40f560, 0xc20810cd00)
2014/10/17 00:08:02 terraform-provider-aws: 	/Users/mitchellh/code/3rdparty/go/src/pkg/runtime/panic.c:279 +0xf5
2014/10/17 00:08:02 terraform-provider-aws: github.com/hashicorp/terraform/terraform.(*ResourceConfig).get(0xc208106c30, 0xc2080fd1e0, 0x11, 0xc2081070b0, 0x0, 0x0, 0x256bb)
2014/10/17 00:08:02 terraform-provider-aws: 	/Users/mitchellh/code/go/src/github.com/hashicorp/terraform/terraform/resource.go:194 +0x6be
2014/10/17 00:08:02 terraform-provider-aws: github.com/hashicorp/terraform/terraform.(*ResourceConfig).Get(0xc208106c30, 0xc2080fd1e0, 0x11, 0x0, 0x0, 0x0)
2014/10/17 00:08:02 terraform-provider-aws: 	/Users/mitchellh/code/go/src/github.com/hashicorp/terraform/terraform/resource.go:122 +0x56
2014/10/17 00:08:02 terraform-provider-aws: github.com/hashicorp/terraform/helper/schema.(*ResourceData).getPrimitive(0xc208102120, 0xc2080fd1e0, 0x11, 0xc2081129f0, 0x0, 0x0, 0xc208109710, 0xc2080fd102, 0x0, 0x0, ...)
2014/10/17 00:08:02 terraform-provider-aws: 	/Users/mitchellh/code/go/src/github.com/hashicorp/terraform/helper/schema/resource_data.go:592 +0xff
2014/10/17 00:08:02 terraform-provider-aws: github.com/hashicorp/terraform/helper/schema.(*ResourceData).get(0xc208102120, 0xc2080fd1e0, 0x11, 0xc2081129f0, 0x0, 0x0, 0xc208109710, 0x12, 0x0, 0x0, ...)
2014/10/17 00:08:02 terraform-provider-aws: 	/Users/mitchellh/code/go/src/github.com/hashicorp/terraform/helper/schema/resource_data.go:274 +0xb8
2014/10/17 00:08:02 terraform-provider-aws: github.com/hashicorp/terraform/helper/schema.(*ResourceData).getList(0xc208102120, 0x5a0a10, 0xf, 0xc2081129f0, 0x0, 0x0, 0xc208105dd0, 0x12, 0x0, 0x0, ...)
2014/10/17 00:08:02 terraform-provider-aws: 	/Users/mitchellh/code/go/src/github.com/hashicorp/terraform/helper/schema/resource_data.go:541 +0x1cb
2014/10/17 00:08:02 terraform-provider-aws: github.com/hashicorp/terraform/helper/schema.(*ResourceData).getList(0xc208102120, 0x5a0a10, 0xf, 0x0, 0x0, 0x0, 0xc208105dd0, 0x12, 0x0, 0x0, ...)
2014/10/17 00:08:02 terraform-provider-aws: 	/Users/mitchellh/code/go/src/github.com/hashicorp/terraform/helper/schema/resource_data.go:555 +0x61d
2014/10/17 00:08:02 terraform-provider-aws: github.com/hashicorp/terraform/helper/schema.(*ResourceData).getSet(0xc208102120, 0x5a0a10, 0xf, 0xc20810ccb0, 0x0, 0x0, 0xc208105dd0, 0x25712, 0x0, 0x0, ...)
2014/10/17 00:08:02 terraform-provider-aws: 	/Users/mitchellh/code/go/src/github.com/hashicorp/terraform/helper/schema/resource_data.go:297 +0x77d
2014/10/17 00:08:02 terraform-provider-aws: github.com/hashicorp/terraform/helper/schema.(*ResourceData).get(0xc208102120, 0x5a0a10, 0xf, 0xc20810ccb0, 0x0, 0x0, 0xc208105dd0, 0x24012, 0x0, 0x0, ...)
2014/10/17 00:08:02 terraform-provider-aws: 	/Users/mitchellh/code/go/src/github.com/hashicorp/terraform/helper/schema/resource_data.go:268 +0x348
2014/10/17 00:08:02 terraform-provider-aws: github.com/hashicorp/terraform/helper/schema.(*ResourceData).getObject(0xc208102120, 0x56b2d0, 0x0, 0xc20810ccb0, 0x0, 0x0, 0xc208106090, 0x59e912, 0x0, 0x0, ...)
2014/10/17 00:08:02 terraform-provider-aws: 	/Users/mitchellh/code/go/src/github.com/hashicorp/terraform/helper/schema/resource_data.go:509 +0x2c0
2014/10/17 00:08:02 terraform-provider-aws: github.com/hashicorp/terraform/helper/schema.(*ResourceData).getChange(0xc208102120, 0x5a0a10, 0xf, 0x1201, 0x0, 0x0, 0x0, 0x0, 0x0, 0x0, ...)
2014/10/17 00:08:02 terraform-provider-aws: 	/Users/mitchellh/code/go/src/github.com/hashicorp/terraform/helper/schema/resource_data.go:253 +0x236
2014/10/17 00:08:02 terraform-provider-aws: github.com/hashicorp/terraform/helper/schema.(*ResourceData).diffChange(0xc208102120, 0x5a0a10, 0xf, 0x0, 0x0, 0x0, 0x0, 0xc20810cbd0)
2014/10/17 00:08:02 terraform-provider-aws: 	/Users/mitchellh/code/go/src/github.com/hashicorp/terraform/helper/schema/resource_data.go:230 +0x8b
2014/10/17 00:08:02 terraform-provider-aws: github.com/hashicorp/terraform/helper/schema.schemaMap.diffList(0xc208106090, 0x5a0a10, 0xf, 0xc208105dd0, 0xc20810c990, 0xc208102120, 0x0, 0x0)
2014/10/17 00:08:02 terraform-provider-aws: 	/Users/mitchellh/code/go/src/github.com/hashicorp/terraform/helper/schema/schema.go:457 +0x7c
2014/10/17 00:08:02 terraform-provider-aws: github.com/hashicorp/terraform/helper/schema.schemaMap.diffSet(0xc208106090, 0x5a0a10, 0xf, 0xc208105dd0, 0xc20810c990, 0xc208102120, 0x0, 0x0)
2014/10/17 00:08:02 terraform-provider-aws: 	/Users/mitchellh/code/go/src/github.com/hashicorp/terraform/helper/schema/schema.go:612 +0x73
2014/10/17 00:08:02 terraform-provider-aws: github.com/hashicorp/terraform/helper/schema.schemaMap.diff(0xc208106090, 0x5a0a10, 0xf, 0xc208105dd0, 0xc20810c990, 0xc208102120, 0x0, 0x0)
2014/10/17 00:08:02 terraform-provider-aws: 	/Users/mitchellh/code/go/src/github.com/hashicorp/terraform/helper/schema/schema.go:444 +0x265
2014/10/17 00:08:02 terraform-provider-aws: github.com/hashicorp/terraform/helper/schema.schemaMap.Diff(0xc208106090, 0xc2080fcb00, 0xc208106c30, 0xc2080fec30, 0x0, 0x0)
2014/10/17 00:08:02 terraform-provider-aws: 	/Users/mitchellh/code/go/src/github.com/hashicorp/terraform/helper/schema/schema.go:208 +0x17a
2014/10/17 00:08:02 terraform-provider-aws: github.com/hashicorp/terraform/helper/schema.(*Resource).Diff(0xc208106060, 0xc2080fcb00, 0xc208106c30, 0xc, 0x0, 0x0)
2014/10/17 00:08:02 terraform-provider-aws: 	/Users/mitchellh/code/go/src/github.com/hashicorp/terraform/helper/schema/resource.go:116 +0x50
2014/10/17 00:08:02 terraform-provider-aws: github.com/hashicorp/terraform/helper/schema.(*Provider).Diff(0xc2081062a0, 0xc20810a200, 0xc2080fcb00, 0xc208106c30, 0xc2080fecd8, 0x0, 0x0)
2014/10/17 00:08:02 terraform-provider-aws: 	/Users/mitchellh/code/go/src/github.com/hashicorp/terraform/helper/schema/provider.go:167 +0x189
2014/10/17 00:08:02 terraform-provider-aws: github.com/hashicorp/terraform/builtin/providers/aws.(*ResourceProvider).Diff(0xc20802a700, 0xc20810a200, 0xc2080fcb00, 0xc208106c30, 0x96fa30, 0x0, 0x0)
2014/10/17 00:08:02 terraform-provider-aws: 	/Users/mitchellh/code/go/src/github.com/hashicorp/terraform/builtin/providers/aws/resource_provider.go:115 +0xc1
2014/10/17 00:08:02 terraform-provider-aws: github.com/hashicorp/terraform/rpc.(*ResourceProviderServer).Diff(0xc2080c3940, 0xc2080fc520, 0xc20810c960, 0x0, 0x0)
2014/10/17 00:08:02 terraform-provider-aws: 	/Users/mitchellh/code/go/src/github.com/hashicorp/terraform/rpc/resource_provider.go:330 +0x7b
2014/10/17 00:08:02 terraform-provider-aws: reflect.Value.call(0x492140, 0x539d78, 0x0, 0x130, 0x56d990, 0x4, 0xc208102060, 0x3, 0x3, 0x0, ...)
2014/10/17 00:08:02 terraform-provider-aws: 	/Users/mitchellh/code/3rdparty/go/src/pkg/reflect/value.go:563 +0x1210
2014/10/17 00:08:02 terraform-provider-aws: reflect.Value.Call(0x492140, 0x539d78, 0x0, 0x130, 0xc208102060, 0x3, 0x3, 0x0, 0x0, 0x0)
2014/10/17 00:08:02 terraform-provider-aws: 	/Users/mitchellh/code/3rdparty/go/src/pkg/reflect/value.go:411 +0xd7
2014/10/17 00:08:02 terraform-provider-aws: net/rpc.(*service).call(0xc208019040, 0xc2080a7a00, 0xc2080d91d0, 0xc2080ecab0, 0xc2080c3ec0, 0x3dfe60, 0xc2080fc520, 0x0, 0x160, 0x3dfec0, ...)
2014/10/17 00:08:02 terraform-provider-aws: 	/Users/mitchellh/code/3rdparty/go/src/pkg/net/rpc/server.go:382 +0x1c7
2014/10/17 00:08:02 terraform-provider-aws: created by net/rpc.(*Server).ServeCodec
2014/10/17 00:08:02 terraform-provider-aws: 	/Users/mitchellh/code/3rdparty/go/src/pkg/net/rpc/server.go:453 +0x427
2014/10/17 00:08:02 terraform-provider-aws: 
2014/10/17 00:08:02 terraform-provider-aws: goroutine 16 [IO wait]:
2014/10/17 00:08:02 terraform-provider-aws: net.runtime_pollWait(0x927c88, 0x72, 0x0)
2014/10/17 00:08:02 terraform-provider-aws: 	/Users/mitchellh/code/3rdparty/go/src/pkg/runtime/netpoll.goc:146 +0x66
2014/10/17 00:08:02 terraform-provider-aws: net.(*pollDesc).Wait(0xc20802ac30, 0x72, 0x0, 0x0)
2014/10/17 00:08:02 terraform-provider-aws: 	/Users/mitchellh/code/3rdparty/go/src/pkg/net/fd_poll_runtime.go:84 +0x46
2014/10/17 00:08:02 terraform-provider-aws: net.(*pollDesc).WaitRead(0xc20802ac30, 0x0, 0x0)
2014/10/17 00:08:02 terraform-provider-aws: 	/Users/mitchellh/code/3rdparty/go/src/pkg/net/fd_poll_runtime.go:89 +0x42
2014/10/17 00:08:02 terraform-provider-aws: net.(*netFD).accept(0xc20802abd0, 0x68ff00, 0x0, 0x9263f0, 0x23)
2014/10/17 00:08:02 terraform-provider-aws: 	/Users/mitchellh/code/3rdparty/go/src/pkg/net/fd_unix.go:419 +0x343
2014/10/17 00:08:02 terraform-provider-aws: net.(*UnixListener).AcceptUnix(0xc208042ee0, 0x1ad215, 0x0, 0x0)
2014/10/17 00:08:02 terraform-provider-aws: 	/Users/mitchellh/code/3rdparty/go/src/pkg/net/unixsock_posix.go:293 +0x73
2014/10/17 00:08:02 terraform-provider-aws: net.(*UnixListener).Accept(0xc208042ee0, 0x0, 0x0, 0x0, 0x0)
2014/10/17 00:08:02 terraform-provider-aws: 	/Users/mitchellh/code/3rdparty/go/src/pkg/net/unixsock_posix.go:304 +0x4b
2014/10/17 00:08:02 terraform-provider-aws: github.com/hashicorp/terraform/rpc.(*Server).Accept(0xc2080013a0, 0x926cb8, 0xc208042ee0)
2014/10/17 00:08:02 terraform-provider-aws: 	/Users/mitchellh/code/go/src/github.com/hashicorp/terraform/rpc/server.go:33 +0x33
2014/10/17 00:08:02 terraform-provider-aws: github.com/hashicorp/terraform/plugin.Serve(0xc208001380)
2014/10/17 00:08:02 terraform-provider-aws: 	/Users/mitchellh/code/go/src/github.com/hashicorp/terraform/plugin/server.go:88 +0x647
2014/10/17 00:08:02 terraform-provider-aws: main.main()
2014/10/17 00:08:02 terraform-provider-aws: 	/Users/mitchellh/code/go/src/github.com/hashicorp/terraform/builtin/bins/provider-aws/main.go:14 +0x4b
2014/10/17 00:08:02 terraform-provider-aws: 
2014/10/17 00:08:02 terraform-provider-aws: goroutine 19 [finalizer wait]:
2014/10/17 00:08:02 terraform-provider-aws: runtime.park(0x146d0, 0x83da18, 0x83c469)
2014/10/17 00:08:02 terraform-provider-aws: 	/Users/mitchellh/code/3rdparty/go/src/pkg/runtime/proc.c:1369 +0x89
2014/10/17 00:08:02 terraform-provider-aws: runtime.parkunlock(0x83da18, 0x83c469)
2014/10/17 00:08:02 terraform-provider-aws: 	/Users/mitchellh/code/3rdparty/go/src/pkg/runtime/proc.c:1385 +0x3b
2014/10/17 00:08:02 terraform-provider-aws: runfinq()
2014/10/17 00:08:02 terraform-provider-aws: 	/Users/mitchellh/code/3rdparty/go/src/pkg/runtime/mgc0.c:2644 +0xcf
2014/10/17 00:08:02 terraform-provider-aws: runtime.goexit()
2014/10/17 00:08:02 terraform-provider-aws: 	/Users/mitchellh/code/3rdparty/go/src/pkg/runtime/proc.c:1445
2014/10/17 00:08:02 terraform-provider-aws: 
2014/10/17 00:08:02 terraform-provider-aws: goroutine 20 [syscall]:
2014/10/17 00:08:02 terraform-provider-aws: os/signal.loop()
2014/10/17 00:08:02 terraform-provider-aws: 	/Users/mitchellh/code/3rdparty/go/src/pkg/os/signal/signal_unix.go:21 +0x1e
2014/10/17 00:08:02 terraform-provider-aws: created by os/signal.init·1
2014/10/17 00:08:02 terraform-provider-aws: 	/Users/mitchellh/code/3rdparty/go/src/pkg/os/signal/signal_unix.go:27 +0x32
2014/10/17 00:08:02 terraform-provider-aws: 
2014/10/17 00:08:02 terraform-provider-aws: goroutine 22 [chan receive]:
2014/10/17 00:08:02 terraform-provider-aws: github.com/hashicorp/terraform/plugin.func·007()
2014/10/17 00:08:02 terraform-provider-aws: 	/Users/mitchellh/code/go/src/github.com/hashicorp/terraform/plugin/server.go:79 +0x62
2014/10/17 00:08:02 terraform-provider-aws: created by github.com/hashicorp/terraform/plugin.Serve
2014/10/17 00:08:02 terraform-provider-aws: 	/Users/mitchellh/code/go/src/github.com/hashicorp/terraform/plugin/server.go:85 +0x623
2014/10/17 00:08:02 terraform-provider-aws: 
2014/10/17 00:08:02 terraform-provider-aws: goroutine 23 [select]:
2014/10/17 00:08:02 terraform-provider-aws: github.com/hashicorp/yamux.(*Stream).Read(0xc208044780, 0xc20806a000, 0x1000, 0x1000, 0x0, 0x0, 0x0)
2014/10/17 00:08:02 terraform-provider-aws: 	/Users/mitchellh/code/go/src/github.com/hashicorp/yamux/stream.go:123 +0x382
2014/10/17 00:08:02 terraform-provider-aws: bufio.(*Reader).fill(0xc208004600)
2014/10/17 00:08:02 terraform-provider-aws: 	/Users/mitchellh/code/3rdparty/go/src/pkg/bufio/bufio.go:97 +0x1b3
2014/10/17 00:08:02 terraform-provider-aws: bufio.(*Reader).Read(0xc208004600, 0xc2080014d0, 0x1, 0x9, 0x1, 0x0, 0x0)
2014/10/17 00:08:02 terraform-provider-aws: 	/Users/mitchellh/code/3rdparty/go/src/pkg/bufio/bufio.go:175 +0x230
2014/10/17 00:08:02 terraform-provider-aws: io.ReadAtLeast(0x927e20, 0xc208004600, 0xc2080014d0, 0x1, 0x9, 0x1, 0x0, 0x0, 0x0)
2014/10/17 00:08:02 terraform-provider-aws: 	/Users/mitchellh/code/3rdparty/go/src/pkg/io/io.go:289 +0xf7
2014/10/17 00:08:02 terraform-provider-aws: io.ReadFull(0x927e20, 0xc208004600, 0xc2080014d0, 0x1, 0x9, 0x1dedb2, 0x0, 0x0)
2014/10/17 00:08:02 terraform-provider-aws: 	/Users/mitchellh/code/3rdparty/go/src/pkg/io/io.go:307 +0x71
2014/10/17 00:08:02 terraform-provider-aws: encoding/gob.decodeUintReader(0x927e20, 0xc208004600, 0xc2080014d0, 0x9, 0x9, 0x0, 0x1, 0x0, 0x0)
2014/10/17 00:08:02 terraform-provider-aws: 	/Users/mitchellh/code/3rdparty/go/src/pkg/encoding/gob/decode.go:66 +0xa6
2014/10/17 00:08:02 terraform-provider-aws: encoding/gob.(*Decoder).recvMessage(0xc2080501e0, 0x160)
2014/10/17 00:08:02 terraform-provider-aws: 	/Users/mitchellh/code/3rdparty/go/src/pkg/encoding/gob/decoder.go:73 +0x57
2014/10/17 00:08:02 terraform-provider-aws: encoding/gob.(*Decoder).decodeTypeSequence(0xc2080501e0, 0xc208043000, 0x0)
2014/10/17 00:08:02 terraform-provider-aws: 	/Users/mitchellh/code/3rdparty/go/src/pkg/encoding/gob/decoder.go:159 +0x49
2014/10/17 00:08:02 terraform-provider-aws: encoding/gob.(*Decoder).DecodeValue(0xc2080501e0, 0x3eb5c0, 0xc208043080, 0x0, 0x160, 0x0, 0x0)
2014/10/17 00:08:02 terraform-provider-aws: 	/Users/mitchellh/code/3rdparty/go/src/pkg/encoding/gob/decoder.go:227 +0x193
2014/10/17 00:08:02 terraform-provider-aws: encoding/gob.(*Decoder).Decode(0xc2080501e0, 0x3eb5c0, 0xc208043080, 0x0, 0x0)
2014/10/17 00:08:02 terraform-provider-aws: 	/Users/mitchellh/code/3rdparty/go/src/pkg/encoding/gob/decoder.go:204 +0x279
2014/10/17 00:08:02 terraform-provider-aws: net/rpc.(*gobServerCodec).ReadRequestHeader(0xc20808a300, 0xc208043080, 0x0, 0x0)
2014/10/17 00:08:02 terraform-provider-aws: 	/Users/mitchellh/code/3rdparty/go/src/pkg/net/rpc/server.go:401 +0x5b
2014/10/17 00:08:02 terraform-provider-aws: net/rpc.(*Server).readRequestHeader(0xc20802fc80, 0x927f80, 0xc20808a300, 0x0, 0x0, 0xc208043080, 0x68ff00, 0x0, 0x0)
2014/10/17 00:08:02 terraform-provider-aws: 	/Users/mitchellh/code/3rdparty/go/src/pkg/net/rpc/server.go:552 +0x9b
2014/10/17 00:08:02 terraform-provider-aws: net/rpc.(*Server).readRequest(0xc20802fc80, 0x927f80, 0xc20808a300, 0xc208046120, 0xc2080435c0, 0x4083c0, 0x0, 0x0, 0x0, 0x0, ...)
2014/10/17 00:08:02 terraform-provider-aws: 	/Users/mitchellh/code/3rdparty/go/src/pkg/net/rpc/server.go:519 +0xbe
2014/10/17 00:08:02 terraform-provider-aws: net/rpc.(*Server).ServeCodec(0xc20802fc80, 0x927f80, 0xc20808a300)
2014/10/17 00:08:02 terraform-provider-aws: 	/Users/mitchellh/code/3rdparty/go/src/pkg/net/rpc/server.go:438 +0x69
2014/10/17 00:08:02 terraform-provider-aws: net/rpc.(*Server).ServeConn(0xc20802fc80, 0x927ea8, 0xc208044780)
2014/10/17 00:08:02 terraform-provider-aws: 	/Users/mitchellh/code/3rdparty/go/src/pkg/net/rpc/server.go:430 +0x170
2014/10/17 00:08:02 terraform-provider-aws: github.com/hashicorp/terraform/rpc.(*Server).ServeConn(0xc2080013a0, 0x927dc0, 0xc208030098)
2014/10/17 00:08:02 terraform-provider-aws: 	/Users/mitchellh/code/go/src/github.com/hashicorp/terraform/rpc/server.go:76 +0x3d4
2014/10/17 00:08:02 terraform-provider-aws: created by github.com/hashicorp/terraform/rpc.(*Server).Accept
2014/10/17 00:08:02 terraform-provider-aws: 	/Users/mitchellh/code/go/src/github.com/hashicorp/terraform/rpc/server.go:39 +0x135
2014/10/17 00:08:02 terraform-provider-aws: 
2014/10/17 00:08:02 terraform-provider-aws: goroutine 24 [IO wait]:
2014/10/17 00:08:02 terraform-provider-aws: net.runtime_pollWait(0x927bd8, 0x72, 0x0)
2014/10/17 00:08:02 terraform-provider-aws: 	/Users/mitchellh/code/3rdparty/go/src/pkg/runtime/netpoll.goc:146 +0x66
2014/10/17 00:08:02 terraform-provider-aws: net.(*pollDesc).Wait(0xc20802ad80, 0x72, 0x0, 0x0)
2014/10/17 00:08:02 terraform-provider-aws: 	/Users/mitchellh/code/3rdparty/go/src/pkg/net/fd_poll_runtime.go:84 +0x46
2014/10/17 00:08:02 terraform-provider-aws: net.(*pollDesc).WaitRead(0xc20802ad80, 0x0, 0x0)
2014/10/17 00:08:02 terraform-provider-aws: 	/Users/mitchellh/code/3rdparty/go/src/pkg/net/fd_poll_runtime.go:89 +0x42
2014/10/17 00:08:02 terraform-provider-aws: net.(*netFD).Read(0xc20802ad20, 0xc208068000, 0x1000, 0x1000, 0x0, 0x9263f0, 0x23)
2014/10/17 00:08:02 terraform-provider-aws: 	/Users/mitchellh/code/3rdparty/go/src/pkg/net/fd_unix.go:242 +0x34c
2014/10/17 00:08:02 terraform-provider-aws: net.(*conn).Read(0xc208030098, 0xc208068000, 0x1000, 0x1000, 0x0, 0x0, 0x0)
2014/10/17 00:08:02 terraform-provider-aws: 	/Users/mitchellh/code/3rdparty/go/src/pkg/net/net.go:122 +0xe7
2014/10/17 00:08:02 terraform-provider-aws: bufio.(*Reader).fill(0xc208004480)
2014/10/17 00:08:02 terraform-provider-aws: 	/Users/mitchellh/code/3rdparty/go/src/pkg/bufio/bufio.go:97 +0x1b3
2014/10/17 00:08:02 terraform-provider-aws: bufio.(*Reader).Read(0xc208004480, 0xc208001490, 0xc, 0xc, 0xc, 0x0, 0x0)
2014/10/17 00:08:02 terraform-provider-aws: 	/Users/mitchellh/code/3rdparty/go/src/pkg/bufio/bufio.go:175 +0x230
2014/10/17 00:08:02 terraform-provider-aws: io.ReadAtLeast(0x927e20, 0xc208004480, 0xc208001490, 0xc, 0xc, 0xc, 0x0, 0x0, 0x0)
2014/10/17 00:08:02 terraform-provider-aws: 	/Users/mitchellh/code/3rdparty/go/src/pkg/io/io.go:289 +0xf7
2014/10/17 00:08:02 terraform-provider-aws: io.ReadFull(0x927e20, 0xc208004480, 0xc208001490, 0xc, 0xc, 0xc, 0x0, 0x0)
2014/10/17 00:08:02 terraform-provider-aws: 	/Users/mitchellh/code/3rdparty/go/src/pkg/io/io.go:307 +0x71
2014/10/17 00:08:02 terraform-provider-aws: github.com/hashicorp/yamux.(*Session).recv(0xc20804a960)
2014/10/17 00:08:02 terraform-provider-aws: 	/Users/mitchellh/code/go/src/github.com/hashicorp/yamux/session.go:332 +0xc9
2014/10/17 00:08:02 terraform-provider-aws: created by github.com/hashicorp/yamux.newSession
2014/10/17 00:08:02 terraform-provider-aws: 	/Users/mitchellh/code/go/src/github.com/hashicorp/yamux/session.go:93 +0x247
2014/10/17 00:08:02 terraform-provider-aws: 
2014/10/17 00:08:02 terraform-provider-aws: goroutine 25 [select]:
2014/10/17 00:08:02 terraform-provider-aws: github.com/hashicorp/yamux.(*Session).send(0xc20804a960)
2014/10/17 00:08:02 terraform-provider-aws: 	/Users/mitchellh/code/go/src/github.com/hashicorp/yamux/session.go:290 +0x496
2014/10/17 00:08:02 terraform-provider-aws: created by github.com/hashicorp/yamux.newSession
2014/10/17 00:08:02 terraform-provider-aws: 	/Users/mitchellh/code/go/src/github.com/hashicorp/yamux/session.go:94 +0x25f
2014/10/17 00:08:02 terraform-provider-aws: 
2014/10/17 00:08:02 terraform-provider-aws: goroutine 26 [select]:
2014/10/17 00:08:02 terraform-provider-aws: github.com/hashicorp/yamux.(*Session).keepalive(0xc20804a960)
2014/10/17 00:08:02 terraform-provider-aws: 	/Users/mitchellh/code/go/src/github.com/hashicorp/yamux/session.go:246 +0xc7
2014/10/17 00:08:02 terraform-provider-aws: created by github.com/hashicorp/yamux.newSession
2014/10/17 00:08:02 terraform-provider-aws: 	/Users/mitchellh/code/go/src/github.com/hashicorp/yamux/session.go:96 +0x289
2014/10/17 00:08:02 terraform-provider-aws: 
2014/10/17 00:08:02 terraform-provider-aws: goroutine 28 [select]:
2014/10/17 00:08:02 terraform-provider-aws: github.com/hashicorp/yamux.(*Session).AcceptStream(0xc20804a960, 0xc200000004, 0x0, 0x0)
2014/10/17 00:08:02 terraform-provider-aws: 	/Users/mitchellh/code/go/src/github.com/hashicorp/yamux/session.go:154 +0x11f
2014/10/17 00:08:02 terraform-provider-aws: github.com/hashicorp/terraform/rpc.(*muxBroker).Run(0xc208043040)
2014/10/17 00:08:02 terraform-provider-aws: 	/Users/mitchellh/code/go/src/github.com/hashicorp/terraform/rpc/mux_broker.go:107 +0x36
2014/10/17 00:08:02 terraform-provider-aws: created by github.com/hashicorp/terraform/rpc.(*Server).ServeConn
2014/10/17 00:08:02 terraform-provider-aws: 	/Users/mitchellh/code/go/src/github.com/hashicorp/terraform/rpc/server.go:65 +0x2bc
2014/10/17 00:08:02 terraform-provider-aws: 
2014/10/17 00:08:02 terraform-provider-aws: goroutine 37 [select]:
2014/10/17 00:08:02 terraform-provider-aws: github.com/hashicorp/yamux.(*Stream).Read(0xc208044dc0, 0xc2080c7000, 0x1000, 0x1000, 0x0, 0x0, 0x0)
2014/10/17 00:08:02 terraform-provider-aws: 	/Users/mitchellh/code/go/src/github.com/hashicorp/yamux/stream.go:123 +0x382
2014/10/17 00:08:02 terraform-provider-aws: bufio.(*Reader).fill(0xc2080056e0)
2014/10/17 00:08:02 terraform-provider-aws: 	/Users/mitchellh/code/3rdparty/go/src/pkg/bufio/bufio.go:97 +0x1b3
2014/10/17 00:08:02 terraform-provider-aws: bufio.(*Reader).Read(0xc2080056e0, 0xc2080aef40, 0x1, 0x9, 0x1, 0x0, 0x0)
2014/10/17 00:08:02 terraform-provider-aws: 	/Users/mitchellh/code/3rdparty/go/src/pkg/bufio/bufio.go:175 +0x230
2014/10/17 00:08:02 terraform-provider-aws: io.ReadAtLeast(0x927e20, 0xc2080056e0, 0xc2080aef40, 0x1, 0x9, 0x1, 0x0, 0x0, 0x0)
2014/10/17 00:08:02 terraform-provider-aws: 	/Users/mitchellh/code/3rdparty/go/src/pkg/io/io.go:289 +0xf7
2014/10/17 00:08:02 terraform-provider-aws: io.ReadFull(0x927e20, 0xc2080056e0, 0xc2080aef40, 0x1, 0x9, 0x53d, 0x0, 0x0)
2014/10/17 00:08:02 terraform-provider-aws: 	/Users/mitchellh/code/3rdparty/go/src/pkg/io/io.go:307 +0x71
2014/10/17 00:08:02 terraform-provider-aws: encoding/gob.decodeUintReader(0x927e20, 0xc2080056e0, 0xc2080aef40, 0x9, 0x9, 0x0, 0x1, 0x0, 0x0)
2014/10/17 00:08:02 terraform-provider-aws: 	/Users/mitchellh/code/3rdparty/go/src/pkg/encoding/gob/decode.go:66 +0xa6
2014/10/17 00:08:02 terraform-provider-aws: encoding/gob.(*Decoder).recvMessage(0xc2080505a0, 0xc2080302e0)
2014/10/17 00:08:02 terraform-provider-aws: 	/Users/mitchellh/code/3rdparty/go/src/pkg/encoding/gob/decoder.go:73 +0x57
2014/10/17 00:08:02 terraform-provider-aws: encoding/gob.(*Decoder).decodeTypeSequence(0xc2080505a0, 0xc2080c2700, 0x0)
2014/10/17 00:08:02 terraform-provider-aws: 	/Users/mitchellh/code/3rdparty/go/src/pkg/encoding/gob/decoder.go:159 +0x49
2014/10/17 00:08:02 terraform-provider-aws: encoding/gob.(*Decoder).DecodeValue(0xc2080505a0, 0x3eb5c0, 0xc2080c2700, 0x0, 0x160, 0x0, 0x0)
2014/10/17 00:08:02 terraform-provider-aws: 	/Users/mitchellh/code/3rdparty/go/src/pkg/encoding/gob/decoder.go:227 +0x193
2014/10/17 00:08:02 terraform-provider-aws: encoding/gob.(*Decoder).Decode(0xc2080505a0, 0x3eb5c0, 0xc2080c2700, 0x0, 0x0)
2014/10/17 00:08:02 terraform-provider-aws: 	/Users/mitchellh/code/3rdparty/go/src/pkg/encoding/gob/decoder.go:204 +0x279
2014/10/17 00:08:02 terraform-provider-aws: net/rpc.(*gobServerCodec).ReadRequestHeader(0xc2080b3f80, 0xc2080c2700, 0x0, 0x0)
2014/10/17 00:08:02 terraform-provider-aws: 	/Users/mitchellh/code/3rdparty/go/src/pkg/net/rpc/server.go:401 +0x5b
2014/10/17 00:08:02 terraform-provider-aws: net/rpc.(*Server).readRequestHeader(0xc2080a7000, 0x927f80, 0xc2080b3f80, 0x0, 0x0, 0xc2080c2700, 0x68ff00, 0x0, 0x0)
2014/10/17 00:08:02 terraform-provider-aws: 	/Users/mitchellh/code/3rdparty/go/src/pkg/net/rpc/server.go:552 +0x9b
2014/10/17 00:08:02 terraform-provider-aws: net/rpc.(*Server).readRequest(0xc2080a7000, 0x927f80, 0xc2080b3f80, 0xc2080c5290, 0xc2080b5320, 0x3e0100, 0x0, 0x0, 0x0, 0x0, ...)
2014/10/17 00:08:02 terraform-provider-aws: 	/Users/mitchellh/code/3rdparty/go/src/pkg/net/rpc/server.go:519 +0xbe
2014/10/17 00:08:02 terraform-provider-aws: net/rpc.(*Server).ServeCodec(0xc2080a7000, 0x927f80, 0xc2080b3f80)
2014/10/17 00:08:02 terraform-provider-aws: 	/Users/mitchellh/code/3rdparty/go/src/pkg/net/rpc/server.go:438 +0x69
2014/10/17 00:08:02 terraform-provider-aws: net/rpc.(*Server).ServeConn(0xc2080a7000, 0x927ea8, 0xc208044dc0)
2014/10/17 00:08:02 terraform-provider-aws: 	/Users/mitchellh/code/3rdparty/go/src/pkg/net/rpc/server.go:430 +0x170
2014/10/17 00:08:02 terraform-provider-aws: github.com/hashicorp/terraform/rpc.serve(0x927ea8, 0xc208044dc0, 0x5b4910, 0x10, 0x539c80, 0xc2080b4da0)
2014/10/17 00:08:02 terraform-provider-aws: 	/Users/mitchellh/code/go/src/github.com/hashicorp/terraform/rpc/server.go:146 +0x18a
2014/10/17 00:08:02 terraform-provider-aws: github.com/hashicorp/terraform/rpc.func·001()
2014/10/17 00:08:02 terraform-provider-aws: 	/Users/mitchellh/code/go/src/github.com/hashicorp/terraform/rpc/server.go:102 +0x1ff
2014/10/17 00:08:02 terraform-provider-aws: created by github.com/hashicorp/terraform/rpc.(*dispenseServer).ResourceProvider
2014/10/17 00:08:02 terraform-provider-aws: 	/Users/mitchellh/code/go/src/github.com/hashicorp/terraform/rpc/server.go:103 +0xc0
2014/10/17 00:08:02 terraform-provider-aws: 
2014/10/17 00:08:02 terraform-provider-aws: goroutine 30 [select]:
2014/10/17 00:08:02 terraform-provider-aws: github.com/hashicorp/yamux.(*Stream).Read(0xc2080448c0, 0xc2080ac000, 0x1000, 0x1000, 0x0, 0x0, 0x0)
2014/10/17 00:08:02 terraform-provider-aws: 	/Users/mitchellh/code/go/src/github.com/hashicorp/yamux/stream.go:123 +0x382
2014/10/17 00:08:02 terraform-provider-aws: bufio.(*Reader).fill(0xc208004c60)
2014/10/17 00:08:02 terraform-provider-aws: 	/Users/mitchellh/code/3rdparty/go/src/pkg/bufio/bufio.go:97 +0x1b3
2014/10/17 00:08:02 terraform-provider-aws: bufio.(*Reader).Read(0xc208004c60, 0xc208001e10, 0x1, 0x9, 0x1, 0x0, 0x0)
2014/10/17 00:08:02 terraform-provider-aws: 	/Users/mitchellh/code/3rdparty/go/src/pkg/bufio/bufio.go:175 +0x230
2014/10/17 00:08:02 terraform-provider-aws: io.ReadAtLeast(0x927e20, 0xc208004c60, 0xc208001e10, 0x1, 0x9, 0x1, 0x0, 0x0, 0x0)
2014/10/17 00:08:02 terraform-provider-aws: 	/Users/mitchellh/code/3rdparty/go/src/pkg/io/io.go:289 +0xf7
2014/10/17 00:08:02 terraform-provider-aws: io.ReadFull(0x927e20, 0xc208004c60, 0xc208001e10, 0x1, 0x9, 0x0, 0x0, 0x0)
2014/10/17 00:08:02 terraform-provider-aws: 	/Users/mitchellh/code/3rdparty/go/src/pkg/io/io.go:307 +0x71
2014/10/17 00:08:02 terraform-provider-aws: encoding/gob.decodeUintReader(0x927e20, 0xc208004c60, 0xc208001e10, 0x9, 0x9, 0x0, 0x1, 0x0, 0x0)
2014/10/17 00:08:02 terraform-provider-aws: 	/Users/mitchellh/code/3rdparty/go/src/pkg/encoding/gob/decode.go:66 +0xa6
2014/10/17 00:08:02 terraform-provider-aws: encoding/gob.(*Decoder).recvMessage(0xc2080502d0, 0xc208030718)
2014/10/17 00:08:02 terraform-provider-aws: 	/Users/mitchellh/code/3rdparty/go/src/pkg/encoding/gob/decoder.go:73 +0x57
2014/10/17 00:08:02 terraform-provider-aws: encoding/gob.(*Decoder).decodeTypeSequence(0xc2080502d0, 0xc2080b4000, 0x0)
2014/10/17 00:08:02 terraform-provider-aws: 	/Users/mitchellh/code/3rdparty/go/src/pkg/encoding/gob/decoder.go:159 +0x49
2014/10/17 00:08:02 terraform-provider-aws: encoding/gob.(*Decoder).DecodeValue(0xc2080502d0, 0x3eb5c0, 0xc2080b4080, 0x0, 0x160, 0x0, 0x0)
2014/10/17 00:08:02 terraform-provider-aws: 	/Users/mitchellh/code/3rdparty/go/src/pkg/encoding/gob/decoder.go:227 +0x193
2014/10/17 00:08:02 terraform-provider-aws: encoding/gob.(*Decoder).Decode(0xc2080502d0, 0x3eb5c0, 0xc2080b4080, 0x0, 0x0)
2014/10/17 00:08:02 terraform-provider-aws: 	/Users/mitchellh/code/3rdparty/go/src/pkg/encoding/gob/decoder.go:204 +0x279
2014/10/17 00:08:02 terraform-provider-aws: net/rpc.(*gobServerCodec).ReadRequestHeader(0xc20808b590, 0xc2080b4080, 0x0, 0x0)
2014/10/17 00:08:02 terraform-provider-aws: 	/Users/mitchellh/code/3rdparty/go/src/pkg/net/rpc/server.go:401 +0x5b
2014/10/17 00:08:02 terraform-provider-aws: net/rpc.(*Server).readRequestHeader(0xc2080a64c0, 0x927f80, 0xc20808b590, 0x0, 0x0, 0xc2080b4080, 0x68ff00, 0x0, 0x0)
2014/10/17 00:08:02 terraform-provider-aws: 	/Users/mitchellh/code/3rdparty/go/src/pkg/net/rpc/server.go:552 +0x9b
2014/10/17 00:08:02 terraform-provider-aws: net/rpc.(*Server).readRequest(0xc2080a64c0, 0x927f80, 0xc20808b590, 0xc208046630, 0xc208043b20, 0x3dff20, 0x0, 0x0, 0x0, 0x0, ...)
2014/10/17 00:08:02 terraform-provider-aws: 	/Users/mitchellh/code/3rdparty/go/src/pkg/net/rpc/server.go:519 +0xbe
2014/10/17 00:08:02 terraform-provider-aws: net/rpc.(*Server).ServeCodec(0xc2080a64c0, 0x927f80, 0xc20808b590)
2014/10/17 00:08:02 terraform-provider-aws: 	/Users/mitchellh/code/3rdparty/go/src/pkg/net/rpc/server.go:438 +0x69
2014/10/17 00:08:02 terraform-provider-aws: net/rpc.(*Server).ServeConn(0xc2080a64c0, 0x927ea8, 0xc2080448c0)
2014/10/17 00:08:02 terraform-provider-aws: 	/Users/mitchellh/code/3rdparty/go/src/pkg/net/rpc/server.go:430 +0x170
2014/10/17 00:08:02 terraform-provider-aws: github.com/hashicorp/terraform/rpc.serve(0x927ea8, 0xc2080448c0, 0x5b4910, 0x10, 0x539c80, 0xc208043b00)
2014/10/17 00:08:02 terraform-provider-aws: 	/Users/mitchellh/code/go/src/github.com/hashicorp/terraform/rpc/server.go:146 +0x18a
2014/10/17 00:08:02 terraform-provider-aws: github.com/hashicorp/terraform/rpc.func·001()
2014/10/17 00:08:02 terraform-provider-aws: 	/Users/mitchellh/code/go/src/github.com/hashicorp/terraform/rpc/server.go:102 +0x1ff
2014/10/17 00:08:02 terraform-provider-aws: created by github.com/hashicorp/terraform/rpc.(*dispenseServer).ResourceProvider
2014/10/17 00:08:02 terraform-provider-aws: 	/Users/mitchellh/code/go/src/github.com/hashicorp/terraform/rpc/server.go:103 +0xc0
2014/10/17 00:08:02 terraform-provider-aws: 
2014/10/17 00:08:02 terraform-provider-aws: goroutine 46 [select]:
2014/10/17 00:08:02 terraform-provider-aws: github.com/hashicorp/yamux.(*Stream).Read(0xc2080443c0, 0xc2080de000, 0x1000, 0x1000, 0x0, 0x0, 0x0)
2014/10/17 00:08:02 terraform-provider-aws: 	/Users/mitchellh/code/go/src/github.com/hashicorp/yamux/stream.go:123 +0x382
2014/10/17 00:08:02 terraform-provider-aws: bufio.(*Reader).fill(0xc208004ae0)
2014/10/17 00:08:02 terraform-provider-aws: 	/Users/mitchellh/code/3rdparty/go/src/pkg/bufio/bufio.go:97 +0x1b3
2014/10/17 00:08:02 terraform-provider-aws: bufio.(*Reader).Read(0xc208004ae0, 0xc2080d83d0, 0x1, 0x9, 0x1, 0x0, 0x0)
2014/10/17 00:08:02 terraform-provider-aws: 	/Users/mitchellh/code/3rdparty/go/src/pkg/bufio/bufio.go:175 +0x230
2014/10/17 00:08:02 terraform-provider-aws: io.ReadAtLeast(0x927e20, 0xc208004ae0, 0xc2080d83d0, 0x1, 0x9, 0x1, 0x0, 0x0, 0x0)
2014/10/17 00:08:02 terraform-provider-aws: 	/Users/mitchellh/code/3rdparty/go/src/pkg/io/io.go:289 +0xf7
2014/10/17 00:08:02 terraform-provider-aws: io.ReadFull(0x927e20, 0xc208004ae0, 0xc2080d83d0, 0x1, 0x9, 0x156, 0x0, 0x0)
2014/10/17 00:08:02 terraform-provider-aws: 	/Users/mitchellh/code/3rdparty/go/src/pkg/io/io.go:307 +0x71
2014/10/17 00:08:02 terraform-provider-aws: encoding/gob.decodeUintReader(0x927e20, 0xc208004ae0, 0xc2080d83d0, 0x9, 0x9, 0x0, 0x1, 0x0, 0x0)
2014/10/17 00:08:02 terraform-provider-aws: 	/Users/mitchellh/code/3rdparty/go/src/pkg/encoding/gob/decode.go:66 +0xa6
2014/10/17 00:08:02 terraform-provider-aws: encoding/gob.(*Decoder).recvMessage(0xc208050000, 0x9221b0)
2014/10/17 00:08:02 terraform-provider-aws: 	/Users/mitchellh/code/3rdparty/go/src/pkg/encoding/gob/decoder.go:73 +0x57
2014/10/17 00:08:02 terraform-provider-aws: encoding/gob.(*Decoder).decodeTypeSequence(0xc208050000, 0xc2080c3100, 0x0)
2014/10/17 00:08:02 terraform-provider-aws: 	/Users/mitchellh/code/3rdparty/go/src/pkg/encoding/gob/decoder.go:159 +0x49
2014/10/17 00:08:02 terraform-provider-aws: encoding/gob.(*Decoder).DecodeValue(0xc208050000, 0x3eb5c0, 0xc2080c31c0, 0x0, 0x160, 0x0, 0x0)
2014/10/17 00:08:02 terraform-provider-aws: 	/Users/mitchellh/code/3rdparty/go/src/pkg/encoding/gob/decoder.go:227 +0x193
2014/10/17 00:08:02 terraform-provider-aws: encoding/gob.(*Decoder).Decode(0xc208050000, 0x3eb5c0, 0xc2080c31c0, 0x0, 0x0)
2014/10/17 00:08:02 terraform-provider-aws: 	/Users/mitchellh/code/3rdparty/go/src/pkg/encoding/gob/decoder.go:204 +0x279
2014/10/17 00:08:02 terraform-provider-aws: net/rpc.(*gobServerCodec).ReadRequestHeader(0xc20808b770, 0xc2080c31c0, 0x0, 0x0)
2014/10/17 00:08:02 terraform-provider-aws: 	/Users/mitchellh/code/3rdparty/go/src/pkg/net/rpc/server.go:401 +0x5b
2014/10/17 00:08:02 terraform-provider-aws: net/rpc.(*Server).readRequestHeader(0xc2080a73c0, 0x927f80, 0xc20808b770, 0x0, 0x0, 0xc2080c31c0, 0x68ff00, 0x0, 0x0)
2014/10/17 00:08:02 terraform-provider-aws: 	/Users/mitchellh/code/3rdparty/go/src/pkg/net/rpc/server.go:552 +0x9b
2014/10/17 00:08:02 terraform-provider-aws: net/rpc.(*Server).readRequest(0xc2080a73c0, 0x927f80, 0xc20808b770, 0xc2080dbef0, 0xc2080c2c60, 0x52e340, 0x0, 0x0, 0x0, 0x0, ...)
2014/10/17 00:08:02 terraform-provider-aws: 	/Users/mitchellh/code/3rdparty/go/src/pkg/net/rpc/server.go:519 +0xbe
2014/10/17 00:08:02 terraform-provider-aws: net/rpc.(*Server).ServeCodec(0xc2080a73c0, 0x927f80, 0xc20808b770)
2014/10/17 00:08:02 terraform-provider-aws: 	/Users/mitchellh/code/3rdparty/go/src/pkg/net/rpc/server.go:438 +0x69
2014/10/17 00:08:02 terraform-provider-aws: net/rpc.(*Server).ServeConn(0xc2080a73c0, 0x927ea8, 0xc2080443c0)
2014/10/17 00:08:02 terraform-provider-aws: 	/Users/mitchellh/code/3rdparty/go/src/pkg/net/rpc/server.go:430 +0x170
2014/10/17 00:08:02 terraform-provider-aws: github.com/hashicorp/terraform/rpc.serve(0x927ea8, 0xc2080443c0, 0x5b4910, 0x10, 0x539c80, 0xc2080c2c40)
2014/10/17 00:08:02 terraform-provider-aws: 	/Users/mitchellh/code/go/src/github.com/hashicorp/terraform/rpc/server.go:146 +0x18a
2014/10/17 00:08:02 terraform-provider-aws: github.com/hashicorp/terraform/rpc.func·001()
2014/10/17 00:08:02 terraform-provider-aws: 	/Users/mitchellh/code/go/src/github.com/hashicorp/terraform/rpc/server.go:102 +0x1ff
2014/10/17 00:08:02 terraform-provider-aws: created by github.com/hashicorp/terraform/rpc.(*dispenseServer).ResourceProvider
2014/10/17 00:08:02 terraform-provider-aws: 	/Users/mitchellh/code/go/src/github.com/hashicorp/terraform/rpc/server.go:103 +0xc0
2014/10/17 00:08:02 terraform-provider-aws: 
2014/10/17 00:08:02 terraform-provider-aws: goroutine 52 [select]:
2014/10/17 00:08:02 terraform-provider-aws: github.com/hashicorp/yamux.(*Stream).Read(0xc208044500, 0xc2080f1000, 0x1000, 0x1000, 0x0, 0x0, 0x0)
2014/10/17 00:08:02 terraform-provider-aws: 	/Users/mitchellh/code/go/src/github.com/hashicorp/yamux/stream.go:123 +0x382
2014/10/17 00:08:02 terraform-provider-aws: bufio.(*Reader).fill(0xc208005860)
2014/10/17 00:08:02 terraform-provider-aws: 	/Users/mitchellh/code/3rdparty/go/src/pkg/bufio/bufio.go:97 +0x1b3
2014/10/17 00:08:02 terraform-provider-aws: bufio.(*Reader).Read(0xc208005860, 0xc2080d91b0, 0x1, 0x9, 0x1, 0x0, 0x0)
2014/10/17 00:08:02 terraform-provider-aws: 	/Users/mitchellh/code/3rdparty/go/src/pkg/bufio/bufio.go:175 +0x230
2014/10/17 00:08:02 terraform-provider-aws: io.ReadAtLeast(0x927e20, 0xc208005860, 0xc2080d91b0, 0x1, 0x9, 0x1, 0x0, 0x0, 0x0)
2014/10/17 00:08:02 terraform-provider-aws: 	/Users/mitchellh/code/3rdparty/go/src/pkg/io/io.go:289 +0xf7
2014/10/17 00:08:02 terraform-provider-aws: io.ReadFull(0x927e20, 0xc208005860, 0xc2080d91b0, 0x1, 0x9, 0x0, 0x0, 0x0)
2014/10/17 00:08:02 terraform-provider-aws: 	/Users/mitchellh/code/3rdparty/go/src/pkg/io/io.go:307 +0x71
2014/10/17 00:08:02 terraform-provider-aws: encoding/gob.decodeUintReader(0x927e20, 0xc208005860, 0xc2080d91b0, 0x9, 0x9, 0x0, 0x1, 0x0, 0x0)
2014/10/17 00:08:02 terraform-provider-aws: 	/Users/mitchellh/code/3rdparty/go/src/pkg/encoding/gob/decode.go:66 +0xa6
2014/10/17 00:08:02 terraform-provider-aws: encoding/gob.(*Decoder).recvMessage(0xc2080503c0, 0x91d480)
2014/10/17 00:08:02 terraform-provider-aws: 	/Users/mitchellh/code/3rdparty/go/src/pkg/encoding/gob/decoder.go:73 +0x57
2014/10/17 00:08:02 terraform-provider-aws: encoding/gob.(*Decoder).decodeTypeSequence(0xc2080503c0, 0xc2080c3900, 0x0)
2014/10/17 00:08:02 terraform-provider-aws: 	/Users/mitchellh/code/3rdparty/go/src/pkg/encoding/gob/decoder.go:159 +0x49
2014/10/17 00:08:02 terraform-provider-aws: encoding/gob.(*Decoder).DecodeValue(0xc2080503c0, 0x3eb5c0, 0xc2080c3960, 0x0, 0x160, 0x0, 0x0)
2014/10/17 00:08:02 terraform-provider-aws: 	/Users/mitchellh/code/3rdparty/go/src/pkg/encoding/gob/decoder.go:227 +0x193
2014/10/17 00:08:02 terraform-provider-aws: encoding/gob.(*Decoder).Decode(0xc2080503c0, 0x3eb5c0, 0xc2080c3960, 0x0, 0x0)
2014/10/17 00:08:02 terraform-provider-aws: 	/Users/mitchellh/code/3rdparty/go/src/pkg/encoding/gob/decoder.go:204 +0x279
2014/10/17 00:08:02 terraform-provider-aws: net/rpc.(*gobServerCodec).ReadRequestHeader(0xc2080e1ef0, 0xc2080c3960, 0x0, 0x0)
2014/10/17 00:08:02 terraform-provider-aws: 	/Users/mitchellh/code/3rdparty/go/src/pkg/net/rpc/server.go:401 +0x5b
2014/10/17 00:08:02 terraform-provider-aws: net/rpc.(*Server).readRequestHeader(0xc2080a7a00, 0x927f80, 0xc2080e1ef0, 0x0, 0x0, 0xc2080c3960, 0x68ff00, 0x0, 0x0)
2014/10/17 00:08:02 terraform-provider-aws: 	/Users/mitchellh/code/3rdparty/go/src/pkg/net/rpc/server.go:552 +0x9b
2014/10/17 00:08:02 terraform-provider-aws: net/rpc.(*Server).readRequest(0xc2080a7a00, 0x927f80, 0xc2080e1ef0, 0xc2080ecab0, 0xc2080c3ec0, 0x3dfe60, 0x0, 0x0, 0x0, 0x0, ...)
2014/10/17 00:08:02 terraform-provider-aws: 	/Users/mitchellh/code/3rdparty/go/src/pkg/net/rpc/server.go:519 +0xbe
2014/10/17 00:08:02 terraform-provider-aws: net/rpc.(*Server).ServeCodec(0xc2080a7a00, 0x927f80, 0xc2080e1ef0)
2014/10/17 00:08:02 terraform-provider-aws: 	/Users/mitchellh/code/3rdparty/go/src/pkg/net/rpc/server.go:438 +0x69
2014/10/17 00:08:02 terraform-provider-aws: net/rpc.(*Server).ServeConn(0xc2080a7a00, 0x927ea8, 0xc208044500)
2014/10/17 00:08:02 terraform-provider-aws: 	/Users/mitchellh/code/3rdparty/go/src/pkg/net/rpc/server.go:430 +0x170
2014/10/17 00:08:02 terraform-provider-aws: github.com/hashicorp/terraform/rpc.serve(0x927ea8, 0xc208044500, 0x5b4910, 0x10, 0x539c80, 0xc2080c3940)
2014/10/17 00:08:02 terraform-provider-aws: 	/Users/mitchellh/code/go/src/github.com/hashicorp/terraform/rpc/server.go:146 +0x18a
2014/10/17 00:08:02 terraform-provider-aws: github.com/hashicorp/terraform/rpc.func·001()
2014/10/17 00:08:02 terraform-provider-aws: 	/Users/mitchellh/code/go/src/github.com/hashicorp/terraform/rpc/server.go:102 +0x1ff
2014/10/17 00:08:02 terraform-provider-aws: created by github.com/hashicorp/terraform/rpc.(*dispenseServer).ResourceProvider
2014/10/17 00:08:02 terraform-provider-aws: 	/Users/mitchellh/code/go/src/github.com/hashicorp/terraform/rpc/server.go:103 +0xc0
2014/10/17 00:08:02 [ERROR] Error walking 'aws_instance.web.1': unexpected EOF
2014/10/17 00:08:02 [ERROR] Error walking 'aws_instance.web.0': unexpected EOF
2014/10/17 00:08:02 [ERROR] Error walking 'aws_security_group.allow_all': unexpected EOF
2014/10/17 00:08:02 waiting for all plugin processes to complete...
2014/10/17 00:08:02 [DEBUG] /usr/local/bin/terraform-provider-aws: plugin process exited
